{"total": {"lines":{"total":8239,"covered":5142,"skipped":0,"pct":62.41},"statements":{"total":8239,"covered":5142,"skipped":0,"pct":62.41},"functions":{"total":480,"covered":258,"skipped":0,"pct":53.75},"branches":{"total":1541,"covered":1189,"skipped":0,"pct":77.15},"branchesTrue":{"total":0,"covered":0,"skipped":0,"pct":100}}
,"/home/restful-otaku/Dev/play/gov-dts-submission/frontend/src/App.svelte": {"lines":{"total":3,"covered":3,"skipped":0,"pct":100},"functions":{"total":2,"covered":2,"skipped":0,"pct":100},"statements":{"total":3,"covered":3,"skipped":0,"pct":100},"branches":{"total":2,"covered":2,"skipped":0,"pct":100}}
,"/home/restful-otaku/Dev/play/gov-dts-submission/frontend/src/app/TaskAppShell.svelte": {"lines":{"total":481,"covered":334,"skipped":0,"pct":69.43},"functions":{"total":72,"covered":18,"skipped":0,"pct":25},"statements":{"total":481,"covered":334,"skipped":0,"pct":69.43},"branches":{"total":53,"covered":40,"skipped":0,"pct":75.47}}
,"/home/restful-otaku/Dev/play/gov-dts-submission/frontend/src/components/auth/AdminUsersPanel.svelte": {"lines":{"total":149,"covered":118,"skipped":0,"pct":79.19},"functions":{"total":1,"covered":0,"skipped":0,"pct":0},"statements":{"total":149,"covered":118,"skipped":0,"pct":79.19},"branches":{"total":0,"covered":0,"skipped":0,"pct":100}}
,"/home/restful-otaku/Dev/play/gov-dts-submission/frontend/src/components/auth/AuditLogsPanel.svelte": {"lines":{"total":103,"covered":67,"skipped":0,"pct":65.04},"functions":{"total":1,"covered":0,"skipped":0,"pct":0},"statements":{"total":103,"covered":67,"skipped":0,"pct":65.04},"branches":{"total":0,"covered":0,"skipped":0,"pct":100}}
,"/home/restful-otaku/Dev/play/gov-dts-submission/frontend/src/components/auth/AuthModeToggle.svelte": {"lines":{"total":13,"covered":9,"skipped":0,"pct":69.23},"functions":{"total":1,"covered":0,"skipped":0,"pct":0},"statements":{"total":13,"covered":9,"skipped":0,"pct":69.23},"branches":{"total":0,"covered":0,"skipped":0,"pct":100}}
,"/home/restful-otaku/Dev/play/gov-dts-submission/frontend/src/components/filters/ClearFiltersButton.svelte": {"lines":{"total":10,"covered":10,"skipped":0,"pct":100},"functions":{"total":1,"covered":1,"skipped":0,"pct":100},"statements":{"total":10,"covered":10,"skipped":0,"pct":100},"branches":{"total":4,"covered":4,"skipped":0,"pct":100}}
,"/home/restful-otaku/Dev/play/gov-dts-submission/frontend/src/components/filters/FilterDueDateRange.svelte": {"lines":{"total":24,"covered":24,"skipped":0,"pct":100},"functions":{"total":1,"covered":1,"skipped":0,"pct":100},"statements":{"total":24,"covered":24,"skipped":0,"pct":100},"branches":{"total":5,"covered":5,"skipped":0,"pct":100}}
,"/home/restful-otaku/Dev/play/gov-dts-submission/frontend/src/components/filters/FilterLabeledSelect.svelte": {"lines":{"total":15,"covered":15,"skipped":0,"pct":100},"functions":{"total":1,"covered":1,"skipped":0,"pct":100},"statements":{"total":15,"covered":15,"skipped":0,"pct":100},"branches":{"total":6,"covered":4,"skipped":0,"pct":66.66}}
,"/home/restful-otaku/Dev/play/gov-dts-submission/frontend/src/components/filters/FilterSortRow.svelte": {"lines":{"total":19,"covered":19,"skipped":0,"pct":100},"functions":{"total":1,"covered":1,"skipped":0,"pct":100},"statements":{"total":19,"covered":19,"skipped":0,"pct":100},"branches":{"total":16,"covered":16,"skipped":0,"pct":100}}
,"/home/restful-otaku/Dev/play/gov-dts-submission/frontend/src/components/forms/FieldValidityIcon.svelte": {"lines":{"total":11,"covered":11,"skipped":0,"pct":100},"functions":{"total":1,"covered":1,"skipped":0,"pct":100},"statements":{"total":11,"covered":11,"skipped":0,"pct":100},"branches":{"total":4,"covered":3,"skipped":0,"pct":75}}
,"/home/restful-otaku/Dev/play/gov-dts-submission/frontend/src/components/forms/PasswordField.svelte": {"lines":{"total":34,"covered":22,"skipped":0,"pct":64.7},"functions":{"total":1,"covered":0,"skipped":0,"pct":0},"statements":{"total":34,"covered":22,"skipped":0,"pct":64.7},"branches":{"total":0,"covered":0,"skipped":0,"pct":100}}
,"/home/restful-otaku/Dev/play/gov-dts-submission/frontend/src/components/forms/TaskPrioritySelect.svelte": {"lines":{"total":8,"covered":8,"skipped":0,"pct":100},"functions":{"total":1,"covered":1,"skipped":0,"pct":100},"statements":{"total":8,"covered":8,"skipped":0,"pct":100},"branches":{"total":7,"covered":6,"skipped":0,"pct":85.71}}
,"/home/restful-otaku/Dev/play/gov-dts-submission/frontend/src/components/forms/TaskStatusSelect.svelte": {"lines":{"total":8,"covered":8,"skipped":0,"pct":100},"functions":{"total":1,"covered":1,"skipped":0,"pct":100},"statements":{"total":8,"covered":8,"skipped":0,"pct":100},"branches":{"total":7,"covered":6,"skipped":0,"pct":85.71}}
,"/home/restful-otaku/Dev/play/gov-dts-submission/frontend/src/components/health/HealthBanner.svelte": {"lines":{"total":16,"covered":16,"skipped":0,"pct":100},"functions":{"total":1,"covered":1,"skipped":0,"pct":100},"statements":{"total":16,"covered":16,"skipped":0,"pct":100},"branches":{"total":6,"covered":5,"skipped":0,"pct":83.33}}
,"/home/restful-otaku/Dev/play/gov-dts-submission/frontend/src/components/help/HelpCenterModal.svelte": {"lines":{"total":306,"covered":228,"skipped":0,"pct":74.5},"functions":{"total":2,"covered":2,"skipped":0,"pct":100},"statements":{"total":306,"covered":228,"skipped":0,"pct":74.5},"branches":{"total":32,"covered":23,"skipped":0,"pct":71.87}}
,"/home/restful-otaku/Dev/play/gov-dts-submission/frontend/src/components/help/HelpMenuTriggerButton.svelte": {"lines":{"total":16,"covered":16,"skipped":0,"pct":100},"functions":{"total":1,"covered":1,"skipped":0,"pct":100},"statements":{"total":16,"covered":16,"skipped":0,"pct":100},"branches":{"total":6,"covered":6,"skipped":0,"pct":100}}
,"/home/restful-otaku/Dev/play/gov-dts-submission/frontend/src/components/layout/AppHeader.svelte": {"lines":{"total":19,"covered":19,"skipped":0,"pct":100},"functions":{"total":1,"covered":1,"skipped":0,"pct":100},"statements":{"total":19,"covered":19,"skipped":0,"pct":100},"branches":{"total":5,"covered":4,"skipped":0,"pct":80}}
,"/home/restful-otaku/Dev/play/gov-dts-submission/frontend/src/components/modals/CreateTaskModal.svelte": {"lines":{"total":80,"covered":80,"skipped":0,"pct":100},"functions":{"total":2,"covered":2,"skipped":0,"pct":100},"statements":{"total":80,"covered":80,"skipped":0,"pct":100},"branches":{"total":20,"covered":19,"skipped":0,"pct":95}}
,"/home/restful-otaku/Dev/play/gov-dts-submission/frontend/src/components/modals/DeleteTasksModal.svelte": {"lines":{"total":44,"covered":44,"skipped":0,"pct":100},"functions":{"total":3,"covered":3,"skipped":0,"pct":100},"statements":{"total":44,"covered":44,"skipped":0,"pct":100},"branches":{"total":27,"covered":26,"skipped":0,"pct":96.29}}
,"/home/restful-otaku/Dev/play/gov-dts-submission/frontend/src/components/modals/DeleteUsersModal.svelte": {"lines":{"total":42,"covered":27,"skipped":0,"pct":64.28},"functions":{"total":1,"covered":0,"skipped":0,"pct":0},"statements":{"total":42,"covered":27,"skipped":0,"pct":64.28},"branches":{"total":0,"covered":0,"skipped":0,"pct":100}}
,"/home/restful-otaku/Dev/play/gov-dts-submission/frontend/src/components/modals/EditTaskModal.svelte": {"lines":{"total":54,"covered":54,"skipped":0,"pct":100},"functions":{"total":2,"covered":2,"skipped":0,"pct":100},"statements":{"total":54,"covered":54,"skipped":0,"pct":100},"branches":{"total":16,"covered":15,"skipped":0,"pct":93.75}}
,"/home/restful-otaku/Dev/play/gov-dts-submission/frontend/src/components/modals/EditUserModal.svelte": {"lines":{"total":36,"covered":25,"skipped":0,"pct":69.44},"functions":{"total":1,"covered":0,"skipped":0,"pct":0},"statements":{"total":36,"covered":25,"skipped":0,"pct":69.44},"branches":{"total":0,"covered":0,"skipped":0,"pct":100}}
,"/home/restful-otaku/Dev/play/gov-dts-submission/frontend/src/components/modals/ModalHeader.svelte": {"lines":{"total":11,"covered":11,"skipped":0,"pct":100},"functions":{"total":1,"covered":1,"skipped":0,"pct":100},"statements":{"total":11,"covered":11,"skipped":0,"pct":100},"branches":{"total":3,"covered":3,"skipped":0,"pct":100}}
,"/home/restful-otaku/Dev/play/gov-dts-submission/frontend/src/components/notifications/Toasts.svelte": {"lines":{"total":22,"covered":22,"skipped":0,"pct":100},"functions":{"total":1,"covered":1,"skipped":0,"pct":100},"statements":{"total":22,"covered":22,"skipped":0,"pct":100},"branches":{"total":15,"covered":14,"skipped":0,"pct":93.33}}
,"/home/restful-otaku/Dev/play/gov-dts-submission/frontend/src/components/onboarding/TourCoachLayer.svelte": {"lines":{"total":290,"covered":62,"skipped":0,"pct":21.37},"functions":{"total":1,"covered":0,"skipped":0,"pct":0},"statements":{"total":290,"covered":62,"skipped":0,"pct":21.37},"branches":{"total":0,"covered":0,"skipped":0,"pct":100}}
,"/home/restful-otaku/Dev/play/gov-dts-submission/frontend/src/components/tasks/AdminMainTabToggle.svelte": {"lines":{"total":17,"covered":13,"skipped":0,"pct":76.47},"functions":{"total":1,"covered":0,"skipped":0,"pct":0},"statements":{"total":17,"covered":13,"skipped":0,"pct":76.47},"branches":{"total":0,"covered":0,"skipped":0,"pct":100}}
,"/home/restful-otaku/Dev/play/gov-dts-submission/frontend/src/components/tasks/FiltersPanel.svelte": {"lines":{"total":120,"covered":108,"skipped":0,"pct":90},"functions":{"total":6,"covered":3,"skipped":0,"pct":50},"statements":{"total":120,"covered":108,"skipped":0,"pct":90},"branches":{"total":28,"covered":27,"skipped":0,"pct":96.42}}
,"/home/restful-otaku/Dev/play/gov-dts-submission/frontend/src/components/tasks/ListPagination.svelte": {"lines":{"total":39,"covered":31,"skipped":0,"pct":79.48},"functions":{"total":2,"covered":1,"skipped":0,"pct":50},"statements":{"total":39,"covered":31,"skipped":0,"pct":79.48},"branches":{"total":23,"covered":13,"skipped":0,"pct":56.52}}
,"/home/restful-otaku/Dev/play/gov-dts-submission/frontend/src/components/tasks/SwipeableTaskMobile.svelte": {"lines":{"total":149,"covered":59,"skipped":0,"pct":39.59},"functions":{"total":8,"covered":2,"skipped":0,"pct":25},"statements":{"total":149,"covered":59,"skipped":0,"pct":39.59},"branches":{"total":8,"covered":4,"skipped":0,"pct":50}}
,"/home/restful-otaku/Dev/play/gov-dts-submission/frontend/src/components/tasks/TagChips.svelte": {"lines":{"total":19,"covered":19,"skipped":0,"pct":100},"functions":{"total":1,"covered":1,"skipped":0,"pct":100},"statements":{"total":19,"covered":19,"skipped":0,"pct":100},"branches":{"total":7,"covered":7,"skipped":0,"pct":100}}
,"/home/restful-otaku/Dev/play/gov-dts-submission/frontend/src/components/tasks/TaskCardActions.svelte": {"lines":{"total":34,"covered":34,"skipped":0,"pct":100},"functions":{"total":1,"covered":1,"skipped":0,"pct":100},"statements":{"total":34,"covered":34,"skipped":0,"pct":100},"branches":{"total":19,"covered":15,"skipped":0,"pct":78.94}}
,"/home/restful-otaku/Dev/play/gov-dts-submission/frontend/src/components/tasks/TaskCardReaderOverlay.svelte": {"lines":{"total":71,"covered":46,"skipped":0,"pct":64.78},"functions":{"total":1,"covered":0,"skipped":0,"pct":0},"statements":{"total":71,"covered":46,"skipped":0,"pct":64.78},"branches":{"total":0,"covered":0,"skipped":0,"pct":100}}
,"/home/restful-otaku/Dev/play/gov-dts-submission/frontend/src/components/tasks/TaskControlsBar.svelte": {"lines":{"total":128,"covered":128,"skipped":0,"pct":100},"functions":{"total":3,"covered":3,"skipped":0,"pct":100},"statements":{"total":128,"covered":128,"skipped":0,"pct":100},"branches":{"total":55,"covered":47,"skipped":0,"pct":85.45}}
,"/home/restful-otaku/Dev/play/gov-dts-submission/frontend/src/components/tasks/TaskDueMetricsStrip.svelte": {"lines":{"total":19,"covered":19,"skipped":0,"pct":100},"functions":{"total":1,"covered":1,"skipped":0,"pct":100},"statements":{"total":19,"covered":19,"skipped":0,"pct":100},"branches":{"total":8,"covered":8,"skipped":0,"pct":100}}
,"/home/restful-otaku/Dev/play/gov-dts-submission/frontend/src/components/tasks/TaskListRow.svelte": {"lines":{"total":60,"covered":58,"skipped":0,"pct":96.66},"functions":{"total":4,"covered":3,"skipped":0,"pct":75},"statements":{"total":60,"covered":58,"skipped":0,"pct":96.66},"branches":{"total":27,"covered":20,"skipped":0,"pct":74.07}}
,"/home/restful-otaku/Dev/play/gov-dts-submission/frontend/src/components/tasks/TaskMetaDl.svelte": {"lines":{"total":17,"covered":17,"skipped":0,"pct":100},"functions":{"total":1,"covered":1,"skipped":0,"pct":100},"statements":{"total":17,"covered":17,"skipped":0,"pct":100},"branches":{"total":6,"covered":6,"skipped":0,"pct":100}}
,"/home/restful-otaku/Dev/play/gov-dts-submission/frontend/src/components/tasks/TaskPriorityBadge.svelte": {"lines":{"total":6,"covered":6,"skipped":0,"pct":100},"functions":{"total":1,"covered":1,"skipped":0,"pct":100},"statements":{"total":6,"covered":6,"skipped":0,"pct":100},"branches":{"total":3,"covered":1,"skipped":0,"pct":33.33}}
,"/home/restful-otaku/Dev/play/gov-dts-submission/frontend/src/components/tasks/TaskSearchField.svelte": {"lines":{"total":26,"covered":26,"skipped":0,"pct":100},"functions":{"total":1,"covered":1,"skipped":0,"pct":100},"statements":{"total":26,"covered":26,"skipped":0,"pct":100},"branches":{"total":4,"covered":4,"skipped":0,"pct":100}}
,"/home/restful-otaku/Dev/play/gov-dts-submission/frontend/src/components/tasks/TaskStatusBadge.svelte": {"lines":{"total":6,"covered":6,"skipped":0,"pct":100},"functions":{"total":1,"covered":1,"skipped":0,"pct":100},"statements":{"total":6,"covered":6,"skipped":0,"pct":100},"branches":{"total":1,"covered":1,"skipped":0,"pct":100}}
,"/home/restful-otaku/Dev/play/gov-dts-submission/frontend/src/components/tasks/TasksCardsView.svelte": {"lines":{"total":159,"covered":113,"skipped":0,"pct":71.06},"functions":{"total":11,"covered":3,"skipped":0,"pct":27.27},"statements":{"total":159,"covered":113,"skipped":0,"pct":71.06},"branches":{"total":55,"covered":36,"skipped":0,"pct":65.45}}
,"/home/restful-otaku/Dev/play/gov-dts-submission/frontend/src/components/tasks/TasksKanbanView.svelte": {"lines":{"total":97,"covered":92,"skipped":0,"pct":94.84},"functions":{"total":4,"covered":3,"skipped":0,"pct":75},"statements":{"total":97,"covered":92,"skipped":0,"pct":94.84},"branches":{"total":50,"covered":34,"skipped":0,"pct":68}}
,"/home/restful-otaku/Dev/play/gov-dts-submission/frontend/src/components/tasks/TasksListView.svelte": {"lines":{"total":163,"covered":163,"skipped":0,"pct":100},"functions":{"total":1,"covered":1,"skipped":0,"pct":100},"statements":{"total":163,"covered":163,"skipped":0,"pct":100},"branches":{"total":64,"covered":48,"skipped":0,"pct":75}}
,"/home/restful-otaku/Dev/play/gov-dts-submission/frontend/src/components/tasks/ViewModeToggle.svelte": {"lines":{"total":24,"covered":24,"skipped":0,"pct":100},"functions":{"total":1,"covered":1,"skipped":0,"pct":100},"statements":{"total":24,"covered":24,"skipped":0,"pct":100},"branches":{"total":11,"covered":11,"skipped":0,"pct":100}}
,"/home/restful-otaku/Dev/play/gov-dts-submission/frontend/src/lib/api.ts": {"lines":{"total":304,"covered":179,"skipped":0,"pct":58.88},"functions":{"total":28,"covered":16,"skipped":0,"pct":57.14},"statements":{"total":304,"covered":179,"skipped":0,"pct":58.88},"branches":{"total":73,"covered":58,"skipped":0,"pct":79.45}}
,"/home/restful-otaku/Dev/play/gov-dts-submission/frontend/src/lib/demo-seed-data.ts": {"lines":{"total":69,"covered":49,"skipped":0,"pct":71.01},"functions":{"total":1,"covered":0,"skipped":0,"pct":0},"statements":{"total":69,"covered":49,"skipped":0,"pct":71.01},"branches":{"total":0,"covered":0,"skipped":0,"pct":100}}
,"/home/restful-otaku/Dev/play/gov-dts-submission/frontend/src/lib/local-auth-password.ts": {"lines":{"total":54,"covered":34,"skipped":0,"pct":62.96},"functions":{"total":3,"covered":2,"skipped":0,"pct":66.66},"statements":{"total":54,"covered":34,"skipped":0,"pct":62.96},"branches":{"total":8,"covered":5,"skipped":0,"pct":62.5}}
,"/home/restful-otaku/Dev/play/gov-dts-submission/frontend/src/lib/mobile-sqlite.ts": {"lines":{"total":409,"covered":204,"skipped":0,"pct":49.87},"functions":{"total":31,"covered":18,"skipped":0,"pct":58.06},"statements":{"total":409,"covered":204,"skipped":0,"pct":49.87},"branches":{"total":71,"covered":49,"skipped":0,"pct":69.01}}
,"/home/restful-otaku/Dev/play/gov-dts-submission/frontend/src/lib/app/appVersion.ts": {"lines":{"total":2,"covered":2,"skipped":0,"pct":100},"functions":{"total":0,"covered":0,"skipped":0,"pct":100},"statements":{"total":2,"covered":2,"skipped":0,"pct":100},"branches":{"total":0,"covered":0,"skipped":0,"pct":100}}
,"/home/restful-otaku/Dev/play/gov-dts-submission/frontend/src/lib/app/authFieldValidation.ts": {"lines":{"total":20,"covered":7,"skipped":0,"pct":35},"functions":{"total":5,"covered":1,"skipped":0,"pct":20},"statements":{"total":20,"covered":7,"skipped":0,"pct":35},"branches":{"total":1,"covered":1,"skipped":0,"pct":100}}
,"/home/restful-otaku/Dev/play/gov-dts-submission/frontend/src/lib/app/constants.ts": {"lines":{"total":18,"covered":14,"skipped":0,"pct":77.77},"functions":{"total":1,"covered":0,"skipped":0,"pct":0},"statements":{"total":18,"covered":14,"skipped":0,"pct":77.77},"branches":{"total":0,"covered":0,"skipped":0,"pct":100}}
,"/home/restful-otaku/Dev/play/gov-dts-submission/frontend/src/lib/app/copy.ts": {"lines":{"total":316,"covered":294,"skipped":0,"pct":93.03},"functions":{"total":5,"covered":2,"skipped":0,"pct":40},"statements":{"total":316,"covered":294,"skipped":0,"pct":93.03},"branches":{"total":2,"covered":2,"skipped":0,"pct":100}}
,"/home/restful-otaku/Dev/play/gov-dts-submission/frontend/src/lib/app/globalShortcuts.ts": {"lines":{"total":53,"covered":33,"skipped":0,"pct":62.26},"functions":{"total":1,"covered":1,"skipped":0,"pct":100},"statements":{"total":53,"covered":33,"skipped":0,"pct":62.26},"branches":{"total":29,"covered":19,"skipped":0,"pct":65.51}}
,"/home/restful-otaku/Dev/play/gov-dts-submission/frontend/src/lib/app/health.ts": {"lines":{"total":14,"covered":14,"skipped":0,"pct":100},"functions":{"total":1,"covered":1,"skipped":0,"pct":100},"statements":{"total":14,"covered":14,"skipped":0,"pct":100},"branches":{"total":10,"covered":10,"skipped":0,"pct":100}}
,"/home/restful-otaku/Dev/play/gov-dts-submission/frontend/src/lib/app/invariant.ts": {"lines":{"total":12,"covered":10,"skipped":0,"pct":83.33},"functions":{"total":1,"covered":1,"skipped":0,"pct":100},"statements":{"total":12,"covered":10,"skipped":0,"pct":83.33},"branches":{"total":9,"covered":6,"skipped":0,"pct":66.66}}
,"/home/restful-otaku/Dev/play/gov-dts-submission/frontend/src/lib/app/messages.ts": {"lines":{"total":37,"covered":33,"skipped":0,"pct":89.18},"functions":{"total":2,"covered":0,"skipped":0,"pct":0},"statements":{"total":37,"covered":33,"skipped":0,"pct":89.18},"branches":{"total":0,"covered":0,"skipped":0,"pct":100}}
,"/home/restful-otaku/Dev/play/gov-dts-submission/frontend/src/lib/app/preferences.ts": {"lines":{"total":268,"covered":226,"skipped":0,"pct":84.32},"functions":{"total":15,"covered":12,"skipped":0,"pct":80},"statements":{"total":268,"covered":226,"skipped":0,"pct":84.32},"branches":{"total":83,"covered":65,"skipped":0,"pct":78.31}}
,"/home/restful-otaku/Dev/play/gov-dts-submission/frontend/src/lib/app/toasts.ts": {"lines":{"total":5,"covered":5,"skipped":0,"pct":100},"functions":{"total":1,"covered":1,"skipped":0,"pct":100},"statements":{"total":5,"covered":5,"skipped":0,"pct":100},"branches":{"total":6,"covered":6,"skipped":0,"pct":100}}
,"/home/restful-otaku/Dev/play/gov-dts-submission/frontend/src/lib/app/types.ts": {"lines":{"total":0,"covered":0,"skipped":0,"pct":100},"functions":{"total":1,"covered":1,"skipped":0,"pct":100},"statements":{"total":0,"covered":0,"skipped":0,"pct":100},"branches":{"total":1,"covered":1,"skipped":0,"pct":100}}
,"/home/restful-otaku/Dev/play/gov-dts-submission/frontend/src/lib/app/onboarding/definitions.ts": {"lines":{"total":312,"covered":303,"skipped":0,"pct":97.11},"functions":{"total":4,"covered":4,"skipped":0,"pct":100},"statements":{"total":312,"covered":303,"skipped":0,"pct":97.11},"branches":{"total":41,"covered":29,"skipped":0,"pct":70.73}}
,"/home/restful-otaku/Dev/play/gov-dts-submission/frontend/src/lib/app/onboarding/storage.ts": {"lines":{"total":66,"covered":44,"skipped":0,"pct":66.66},"functions":{"total":7,"covered":5,"skipped":0,"pct":71.42},"statements":{"total":66,"covered":44,"skipped":0,"pct":66.66},"branches":{"total":12,"covered":9,"skipped":0,"pct":75}}
,"/home/restful-otaku/Dev/play/gov-dts-submission/frontend/src/lib/app/onboarding/types.ts": {"lines":{"total":0,"covered":0,"skipped":0,"pct":100},"functions":{"total":1,"covered":1,"skipped":0,"pct":100},"statements":{"total":0,"covered":0,"skipped":0,"pct":100},"branches":{"total":1,"covered":1,"skipped":0,"pct":100}}
,"/home/restful-otaku/Dev/play/gov-dts-submission/frontend/src/lib/app/task-app/bootstrapState.ts": {"lines":{"total":53,"covered":53,"skipped":0,"pct":100},"functions":{"total":2,"covered":2,"skipped":0,"pct":100},"statements":{"total":53,"covered":53,"skipped":0,"pct":100},"branches":{"total":21,"covered":21,"skipped":0,"pct":100}}
,"/home/restful-otaku/Dev/play/gov-dts-submission/frontend/src/lib/app/task-app/bulkDelete.ts": {"lines":{"total":24,"covered":24,"skipped":0,"pct":100},"functions":{"total":2,"covered":2,"skipped":0,"pct":100},"statements":{"total":24,"covered":24,"skipped":0,"pct":100},"branches":{"total":7,"covered":6,"skipped":0,"pct":85.71}}
,"/home/restful-otaku/Dev/play/gov-dts-submission/frontend/src/lib/app/task-app/controller.svelte.ts": {"lines":{"total":1839,"covered":789,"skipped":0,"pct":42.9},"functions":{"total":136,"covered":45,"skipped":0,"pct":33.08},"statements":{"total":1839,"covered":789,"skipped":0,"pct":42.9},"branches":{"total":205,"covered":109,"skipped":0,"pct":53.17}}
,"/home/restful-otaku/Dev/play/gov-dts-submission/frontend/src/lib/app/task-app/onboardingRules.ts": {"lines":{"total":69,"covered":69,"skipped":0,"pct":100},"functions":{"total":8,"covered":8,"skipped":0,"pct":100},"statements":{"total":69,"covered":69,"skipped":0,"pct":100},"branches":{"total":29,"covered":29,"skipped":0,"pct":100}}
,"/home/restful-otaku/Dev/play/gov-dts-submission/frontend/src/lib/app/task-app/stickyChrome.ts": {"lines":{"total":15,"covered":15,"skipped":0,"pct":100},"functions":{"total":1,"covered":1,"skipped":0,"pct":100},"statements":{"total":15,"covered":15,"skipped":0,"pct":100},"branches":{"total":9,"covered":9,"skipped":0,"pct":100}}
,"/home/restful-otaku/Dev/play/gov-dts-submission/frontend/src/lib/app/task-app/tourAutoAdvance.ts": {"lines":{"total":28,"covered":28,"skipped":0,"pct":100},"functions":{"total":2,"covered":2,"skipped":0,"pct":100},"statements":{"total":28,"covered":28,"skipped":0,"pct":100},"branches":{"total":12,"covered":9,"skipped":0,"pct":75}}
,"/home/restful-otaku/Dev/play/gov-dts-submission/frontend/src/lib/app/task-app/tourStepHelpers.ts": {"lines":{"total":16,"covered":16,"skipped":0,"pct":100},"functions":{"total":3,"covered":3,"skipped":0,"pct":100},"statements":{"total":16,"covered":16,"skipped":0,"pct":100},"branches":{"total":8,"covered":8,"skipped":0,"pct":100}}
,"/home/restful-otaku/Dev/play/gov-dts-submission/frontend/src/lib/dom/safeAreaInsets.ts": {"lines":{"total":46,"covered":2,"skipped":0,"pct":4.34},"functions":{"total":2,"covered":0,"skipped":0,"pct":0},"statements":{"total":46,"covered":2,"skipped":0,"pct":4.34},"branches":{"total":0,"covered":0,"skipped":0,"pct":100}}
,"/home/restful-otaku/Dev/play/gov-dts-submission/frontend/src/lib/dom/setIndeterminate.ts": {"lines":{"total":8,"covered":1,"skipped":0,"pct":12.5},"functions":{"total":1,"covered":0,"skipped":0,"pct":0},"statements":{"total":8,"covered":1,"skipped":0,"pct":12.5},"branches":{"total":0,"covered":0,"skipped":0,"pct":100}}
,"/home/restful-otaku/Dev/play/gov-dts-submission/frontend/src/lib/generated/openapi-types.ts": {"lines":{"total":0,"covered":0,"skipped":0,"pct":100},"functions":{"total":1,"covered":1,"skipped":0,"pct":100},"statements":{"total":0,"covered":0,"skipped":0,"pct":100},"branches":{"total":1,"covered":1,"skipped":0,"pct":100}}
,"/home/restful-otaku/Dev/play/gov-dts-submission/frontend/src/lib/tasks/date.ts": {"lines":{"total":93,"covered":93,"skipped":0,"pct":100},"functions":{"total":8,"covered":8,"skipped":0,"pct":100},"statements":{"total":93,"covered":93,"skipped":0,"pct":100},"branches":{"total":58,"covered":51,"skipped":0,"pct":87.93}}
,"/home/restful-otaku/Dev/play/gov-dts-submission/frontend/src/lib/tasks/dueState.ts": {"lines":{"total":14,"covered":14,"skipped":0,"pct":100},"functions":{"total":1,"covered":1,"skipped":0,"pct":100},"statements":{"total":14,"covered":14,"skipped":0,"pct":100},"branches":{"total":8,"covered":8,"skipped":0,"pct":100}}
,"/home/restful-otaku/Dev/play/gov-dts-submission/frontend/src/lib/tasks/filter.ts": {"lines":{"total":78,"covered":76,"skipped":0,"pct":97.43},"functions":{"total":3,"covered":3,"skipped":0,"pct":100},"statements":{"total":78,"covered":76,"skipped":0,"pct":97.43},"branches":{"total":52,"covered":42,"skipped":0,"pct":80.76}}
,"/home/restful-otaku/Dev/play/gov-dts-submission/frontend/src/lib/tasks/kanban.ts": {"lines":{"total":14,"covered":12,"skipped":0,"pct":85.71},"functions":{"total":2,"covered":2,"skipped":0,"pct":100},"statements":{"total":14,"covered":12,"skipped":0,"pct":85.71},"branches":{"total":10,"covered":9,"skipped":0,"pct":90}}
,"/home/restful-otaku/Dev/play/gov-dts-submission/frontend/src/lib/tasks/kanbanFinalize.ts": {"lines":{"total":36,"covered":30,"skipped":0,"pct":83.33},"functions":{"total":1,"covered":1,"skipped":0,"pct":100},"statements":{"total":36,"covered":30,"skipped":0,"pct":83.33},"branches":{"total":11,"covered":7,"skipped":0,"pct":63.63}}
,"/home/restful-otaku/Dev/play/gov-dts-submission/frontend/src/lib/tasks/metrics.ts": {"lines":{"total":25,"covered":25,"skipped":0,"pct":100},"functions":{"total":3,"covered":3,"skipped":0,"pct":100},"statements":{"total":25,"covered":25,"skipped":0,"pct":100},"branches":{"total":16,"covered":14,"skipped":0,"pct":87.5}}
,"/home/restful-otaku/Dev/play/gov-dts-submission/frontend/src/lib/tasks/sort.ts": {"lines":{"total":95,"covered":86,"skipped":0,"pct":90.52},"functions":{"total":2,"covered":2,"skipped":0,"pct":100},"statements":{"total":95,"covered":86,"skipped":0,"pct":90.52},"branches":{"total":66,"covered":55,"skipped":0,"pct":83.33}}
,"/home/restful-otaku/Dev/play/gov-dts-submission/frontend/src/lib/tasks/taskForm.ts": {"lines":{"total":26,"covered":26,"skipped":0,"pct":100},"functions":{"total":3,"covered":3,"skipped":0,"pct":100},"statements":{"total":26,"covered":26,"skipped":0,"pct":100},"branches":{"total":13,"covered":12,"skipped":0,"pct":92.3}}
,"/home/restful-otaku/Dev/play/gov-dts-submission/frontend/src/lib/tasks/taskMeta.ts": {"lines":{"total":23,"covered":23,"skipped":0,"pct":100},"functions":{"total":2,"covered":2,"skipped":0,"pct":100},"statements":{"total":23,"covered":23,"skipped":0,"pct":100},"branches":{"total":7,"covered":4,"skipped":0,"pct":57.14}}
,"/home/restful-otaku/Dev/play/gov-dts-submission/frontend/src/lib/tasks/visibleList.ts": {"lines":{"total":67,"covered":67,"skipped":0,"pct":100},"functions":{"total":4,"covered":4,"skipped":0,"pct":100},"statements":{"total":67,"covered":67,"skipped":0,"pct":100},"branches":{"total":15,"covered":15,"skipped":0,"pct":100}}
,"/home/restful-otaku/Dev/play/gov-dts-submission/frontend/src/lib/ui/modalContentTransition.ts": {"lines":{"total":21,"covered":21,"skipped":0,"pct":100},"functions":{"total":2,"covered":2,"skipped":0,"pct":100},"statements":{"total":21,"covered":21,"skipped":0,"pct":100},"branches":{"total":6,"covered":2,"skipped":0,"pct":33.33}}
,"/home/restful-otaku/Dev/play/gov-dts-submission/frontend/src/lib/ui/tableSortGlyph.ts": {"lines":{"total":7,"covered":7,"skipped":0,"pct":100},"functions":{"total":1,"covered":1,"skipped":0,"pct":100},"statements":{"total":7,"covered":7,"skipped":0,"pct":100},"branches":{"total":6,"covered":6,"skipped":0,"pct":100}}
,"/home/restful-otaku/Dev/play/gov-dts-submission/frontend/src/stories/AppHeader.stories.ts": {"lines":{"total":36,"covered":0,"skipped":0,"pct":0},"functions":{"total":1,"covered":1,"skipped":0,"pct":100},"statements":{"total":36,"covered":0,"skipped":0,"pct":0},"branches":{"total":1,"covered":1,"skipped":0,"pct":100}}
,"/home/restful-otaku/Dev/play/gov-dts-submission/frontend/src/stories/Button.stories.ts": {"lines":{"total":22,"covered":0,"skipped":0,"pct":0},"functions":{"total":1,"covered":1,"skipped":0,"pct":100},"statements":{"total":22,"covered":0,"skipped":0,"pct":0},"branches":{"total":1,"covered":1,"skipped":0,"pct":100}}
,"/home/restful-otaku/Dev/play/gov-dts-submission/frontend/src/stories/Button.svelte": {"lines":{"total":9,"covered":0,"skipped":0,"pct":0},"functions":{"total":1,"covered":0,"skipped":0,"pct":0},"statements":{"total":9,"covered":0,"skipped":0,"pct":0},"branches":{"total":1,"covered":0,"skipped":0,"pct":0}}
,"/home/restful-otaku/Dev/play/gov-dts-submission/frontend/src/stories/ClearFiltersButton.stories.ts": {"lines":{"total":13,"covered":0,"skipped":0,"pct":0},"functions":{"total":1,"covered":1,"skipped":0,"pct":100},"statements":{"total":13,"covered":0,"skipped":0,"pct":0},"branches":{"total":1,"covered":1,"skipped":0,"pct":100}}
,"/home/restful-otaku/Dev/play/gov-dts-submission/frontend/src/stories/FilterDueDateRange.stories.ts": {"lines":{"total":14,"covered":0,"skipped":0,"pct":0},"functions":{"total":1,"covered":1,"skipped":0,"pct":100},"statements":{"total":14,"covered":0,"skipped":0,"pct":0},"branches":{"total":1,"covered":1,"skipped":0,"pct":100}}
,"/home/restful-otaku/Dev/play/gov-dts-submission/frontend/src/stories/FilterLabeledSelect.stories.ts": {"lines":{"total":16,"covered":0,"skipped":0,"pct":0},"functions":{"total":1,"covered":1,"skipped":0,"pct":100},"statements":{"total":16,"covered":0,"skipped":0,"pct":0},"branches":{"total":1,"covered":1,"skipped":0,"pct":100}}
,"/home/restful-otaku/Dev/play/gov-dts-submission/frontend/src/stories/FilterSortRow.stories.ts": {"lines":{"total":11,"covered":0,"skipped":0,"pct":0},"functions":{"total":1,"covered":1,"skipped":0,"pct":100},"statements":{"total":11,"covered":0,"skipped":0,"pct":0},"branches":{"total":1,"covered":1,"skipped":0,"pct":100}}
,"/home/restful-otaku/Dev/play/gov-dts-submission/frontend/src/stories/FiltersPanel.stories.ts": {"lines":{"total":29,"covered":0,"skipped":0,"pct":0},"functions":{"total":1,"covered":1,"skipped":0,"pct":100},"statements":{"total":29,"covered":0,"skipped":0,"pct":0},"branches":{"total":1,"covered":1,"skipped":0,"pct":100}}
,"/home/restful-otaku/Dev/play/gov-dts-submission/frontend/src/stories/Header.stories.ts": {"lines":{"total":16,"covered":0,"skipped":0,"pct":0},"functions":{"total":1,"covered":1,"skipped":0,"pct":100},"statements":{"total":16,"covered":0,"skipped":0,"pct":0},"branches":{"total":1,"covered":1,"skipped":0,"pct":100}}
,"/home/restful-otaku/Dev/play/gov-dts-submission/frontend/src/stories/Header.svelte": {"lines":{"total":10,"covered":0,"skipped":0,"pct":0},"functions":{"total":1,"covered":0,"skipped":0,"pct":0},"statements":{"total":10,"covered":0,"skipped":0,"pct":0},"branches":{"total":1,"covered":0,"skipped":0,"pct":0}}
,"/home/restful-otaku/Dev/play/gov-dts-submission/frontend/src/stories/HealthBanner.stories.ts": {"lines":{"total":18,"covered":0,"skipped":0,"pct":0},"functions":{"total":1,"covered":1,"skipped":0,"pct":100},"statements":{"total":18,"covered":0,"skipped":0,"pct":0},"branches":{"total":1,"covered":1,"skipped":0,"pct":100}}
,"/home/restful-otaku/Dev/play/gov-dts-submission/frontend/src/stories/ListPagination.stories.ts": {"lines":{"total":14,"covered":0,"skipped":0,"pct":0},"functions":{"total":1,"covered":1,"skipped":0,"pct":100},"statements":{"total":14,"covered":0,"skipped":0,"pct":0},"branches":{"total":1,"covered":1,"skipped":0,"pct":100}}
,"/home/restful-otaku/Dev/play/gov-dts-submission/frontend/src/stories/ModalHeader.stories.ts": {"lines":{"total":13,"covered":0,"skipped":0,"pct":0},"functions":{"total":1,"covered":1,"skipped":0,"pct":100},"statements":{"total":13,"covered":0,"skipped":0,"pct":0},"branches":{"total":1,"covered":1,"skipped":0,"pct":100}}
,"/home/restful-otaku/Dev/play/gov-dts-submission/frontend/src/stories/Modals.stories.ts": {"lines":{"total":71,"covered":0,"skipped":0,"pct":0},"functions":{"total":1,"covered":1,"skipped":0,"pct":100},"statements":{"total":71,"covered":0,"skipped":0,"pct":0},"branches":{"total":1,"covered":1,"skipped":0,"pct":100}}
,"/home/restful-otaku/Dev/play/gov-dts-submission/frontend/src/stories/Page.stories.ts": {"lines":{"total":20,"covered":0,"skipped":0,"pct":0},"functions":{"total":1,"covered":1,"skipped":0,"pct":100},"statements":{"total":20,"covered":0,"skipped":0,"pct":0},"branches":{"total":1,"covered":1,"skipped":0,"pct":100}}
,"/home/restful-otaku/Dev/play/gov-dts-submission/frontend/src/stories/Page.svelte": {"lines":{"total":9,"covered":0,"skipped":0,"pct":0},"functions":{"total":1,"covered":0,"skipped":0,"pct":0},"statements":{"total":9,"covered":0,"skipped":0,"pct":0},"branches":{"total":1,"covered":0,"skipped":0,"pct":0}}
,"/home/restful-otaku/Dev/play/gov-dts-submission/frontend/src/stories/TagChips.stories.ts": {"lines":{"total":15,"covered":0,"skipped":0,"pct":0},"functions":{"total":1,"covered":1,"skipped":0,"pct":100},"statements":{"total":15,"covered":0,"skipped":0,"pct":0},"branches":{"total":1,"covered":1,"skipped":0,"pct":100}}
,"/home/restful-otaku/Dev/play/gov-dts-submission/frontend/src/stories/TaskBadges.stories.ts": {"lines":{"total":19,"covered":0,"skipped":0,"pct":0},"functions":{"total":1,"covered":1,"skipped":0,"pct":100},"statements":{"total":19,"covered":0,"skipped":0,"pct":0},"branches":{"total":1,"covered":1,"skipped":0,"pct":100}}
,"/home/restful-otaku/Dev/play/gov-dts-submission/frontend/src/stories/TaskCardActions.stories.ts": {"lines":{"total":15,"covered":0,"skipped":0,"pct":0},"functions":{"total":1,"covered":1,"skipped":0,"pct":100},"statements":{"total":15,"covered":0,"skipped":0,"pct":0},"branches":{"total":1,"covered":1,"skipped":0,"pct":100}}
,"/home/restful-otaku/Dev/play/gov-dts-submission/frontend/src/stories/TaskControlsBar.stories.ts": {"lines":{"total":38,"covered":0,"skipped":0,"pct":0},"functions":{"total":1,"covered":1,"skipped":0,"pct":100},"statements":{"total":38,"covered":0,"skipped":0,"pct":0},"branches":{"total":1,"covered":1,"skipped":0,"pct":100}}
,"/home/restful-otaku/Dev/play/gov-dts-submission/frontend/src/stories/TaskDueMetricsStrip.stories.ts": {"lines":{"total":12,"covered":0,"skipped":0,"pct":0},"functions":{"total":1,"covered":1,"skipped":0,"pct":100},"statements":{"total":12,"covered":0,"skipped":0,"pct":0},"branches":{"total":1,"covered":1,"skipped":0,"pct":100}}
,"/home/restful-otaku/Dev/play/gov-dts-submission/frontend/src/stories/TaskListRow.stories.ts": {"lines":{"total":30,"covered":0,"skipped":0,"pct":0},"functions":{"total":1,"covered":1,"skipped":0,"pct":100},"statements":{"total":30,"covered":0,"skipped":0,"pct":0},"branches":{"total":1,"covered":1,"skipped":0,"pct":100}}
,"/home/restful-otaku/Dev/play/gov-dts-submission/frontend/src/stories/TaskMetaDl.stories.ts": {"lines":{"total":13,"covered":0,"skipped":0,"pct":0},"functions":{"total":1,"covered":1,"skipped":0,"pct":100},"statements":{"total":13,"covered":0,"skipped":0,"pct":0},"branches":{"total":1,"covered":1,"skipped":0,"pct":100}}
,"/home/restful-otaku/Dev/play/gov-dts-submission/frontend/src/stories/TaskPrioritySelect.stories.ts": {"lines":{"total":11,"covered":0,"skipped":0,"pct":0},"functions":{"total":1,"covered":1,"skipped":0,"pct":100},"statements":{"total":11,"covered":0,"skipped":0,"pct":0},"branches":{"total":1,"covered":1,"skipped":0,"pct":100}}
,"/home/restful-otaku/Dev/play/gov-dts-submission/frontend/src/stories/TaskSearchField.stories.ts": {"lines":{"total":21,"covered":0,"skipped":0,"pct":0},"functions":{"total":1,"covered":1,"skipped":0,"pct":100},"statements":{"total":21,"covered":0,"skipped":0,"pct":0},"branches":{"total":1,"covered":1,"skipped":0,"pct":100}}
,"/home/restful-otaku/Dev/play/gov-dts-submission/frontend/src/stories/TaskStatusSelect.stories.ts": {"lines":{"total":11,"covered":0,"skipped":0,"pct":0},"functions":{"total":1,"covered":1,"skipped":0,"pct":100},"statements":{"total":11,"covered":0,"skipped":0,"pct":0},"branches":{"total":1,"covered":1,"skipped":0,"pct":100}}
,"/home/restful-otaku/Dev/play/gov-dts-submission/frontend/src/stories/TasksCardsView.stories.ts": {"lines":{"total":45,"covered":0,"skipped":0,"pct":0},"functions":{"total":1,"covered":1,"skipped":0,"pct":100},"statements":{"total":45,"covered":0,"skipped":0,"pct":0},"branches":{"total":1,"covered":1,"skipped":0,"pct":100}}
,"/home/restful-otaku/Dev/play/gov-dts-submission/frontend/src/stories/TasksKanbanView.stories.ts": {"lines":{"total":62,"covered":0,"skipped":0,"pct":0},"functions":{"total":1,"covered":1,"skipped":0,"pct":100},"statements":{"total":62,"covered":0,"skipped":0,"pct":0},"branches":{"total":1,"covered":1,"skipped":0,"pct":100}}
,"/home/restful-otaku/Dev/play/gov-dts-submission/frontend/src/stories/TasksListView.stories.ts": {"lines":{"total":74,"covered":0,"skipped":0,"pct":0},"functions":{"total":1,"covered":1,"skipped":0,"pct":100},"statements":{"total":74,"covered":0,"skipped":0,"pct":0},"branches":{"total":1,"covered":1,"skipped":0,"pct":100}}
,"/home/restful-otaku/Dev/play/gov-dts-submission/frontend/src/stories/Toasts.stories.ts": {"lines":{"total":15,"covered":0,"skipped":0,"pct":0},"functions":{"total":1,"covered":1,"skipped":0,"pct":100},"statements":{"total":15,"covered":0,"skipped":0,"pct":0},"branches":{"total":1,"covered":1,"skipped":0,"pct":100}}
,"/home/restful-otaku/Dev/play/gov-dts-submission/frontend/src/stories/ViewModeToggle.stories.ts": {"lines":{"total":13,"covered":0,"skipped":0,"pct":0},"functions":{"total":1,"covered":1,"skipped":0,"pct":100},"statements":{"total":13,"covered":0,"skipped":0,"pct":0},"branches":{"total":1,"covered":1,"skipped":0,"pct":100}}
}
