{"total": {"lines":{"total":4872,"covered":3322,"skipped":0,"pct":68.18},"statements":{"total":4872,"covered":3322,"skipped":0,"pct":68.18},"functions":{"total":316,"covered":210,"skipped":0,"pct":66.45},"branches":{"total":1012,"covered":778,"skipped":0,"pct":76.87},"branchesTrue":{"total":0,"covered":0,"skipped":0,"pct":100}}
,"/home/restful-otaku/Dev/play/gov-dts-submission/frontend/src/App.svelte": {"lines":{"total":3,"covered":3,"skipped":0,"pct":100},"functions":{"total":2,"covered":2,"skipped":0,"pct":100},"statements":{"total":3,"covered":3,"skipped":0,"pct":100},"branches":{"total":2,"covered":2,"skipped":0,"pct":100}}
,"/home/restful-otaku/Dev/play/gov-dts-submission/frontend/src/app/TaskAppShell.svelte": {"lines":{"total":223,"covered":219,"skipped":0,"pct":98.2},"functions":{"total":49,"covered":13,"skipped":0,"pct":26.53},"statements":{"total":223,"covered":219,"skipped":0,"pct":98.2},"branches":{"total":33,"covered":29,"skipped":0,"pct":87.87}}
,"/home/restful-otaku/Dev/play/gov-dts-submission/frontend/src/components/filters/ClearFiltersButton.svelte": {"lines":{"total":7,"covered":7,"skipped":0,"pct":100},"functions":{"total":1,"covered":1,"skipped":0,"pct":100},"statements":{"total":7,"covered":7,"skipped":0,"pct":100},"branches":{"total":2,"covered":2,"skipped":0,"pct":100}}
,"/home/restful-otaku/Dev/play/gov-dts-submission/frontend/src/components/filters/FilterDueDateRange.svelte": {"lines":{"total":19,"covered":19,"skipped":0,"pct":100},"functions":{"total":1,"covered":1,"skipped":0,"pct":100},"statements":{"total":19,"covered":19,"skipped":0,"pct":100},"branches":{"total":1,"covered":1,"skipped":0,"pct":100}}
,"/home/restful-otaku/Dev/play/gov-dts-submission/frontend/src/components/filters/FilterLabeledSelect.svelte": {"lines":{"total":15,"covered":15,"skipped":0,"pct":100},"functions":{"total":1,"covered":1,"skipped":0,"pct":100},"statements":{"total":15,"covered":15,"skipped":0,"pct":100},"branches":{"total":6,"covered":4,"skipped":0,"pct":66.66}}
,"/home/restful-otaku/Dev/play/gov-dts-submission/frontend/src/components/filters/FilterSortRow.svelte": {"lines":{"total":13,"covered":13,"skipped":0,"pct":100},"functions":{"total":1,"covered":1,"skipped":0,"pct":100},"statements":{"total":13,"covered":13,"skipped":0,"pct":100},"branches":{"total":5,"covered":5,"skipped":0,"pct":100}}
,"/home/restful-otaku/Dev/play/gov-dts-submission/frontend/src/components/forms/TaskPrioritySelect.svelte": {"lines":{"total":8,"covered":8,"skipped":0,"pct":100},"functions":{"total":1,"covered":1,"skipped":0,"pct":100},"statements":{"total":8,"covered":8,"skipped":0,"pct":100},"branches":{"total":7,"covered":6,"skipped":0,"pct":85.71}}
,"/home/restful-otaku/Dev/play/gov-dts-submission/frontend/src/components/forms/TaskStatusSelect.svelte": {"lines":{"total":8,"covered":8,"skipped":0,"pct":100},"functions":{"total":1,"covered":1,"skipped":0,"pct":100},"statements":{"total":8,"covered":8,"skipped":0,"pct":100},"branches":{"total":7,"covered":6,"skipped":0,"pct":85.71}}
,"/home/restful-otaku/Dev/play/gov-dts-submission/frontend/src/components/health/HealthBanner.svelte": {"lines":{"total":16,"covered":16,"skipped":0,"pct":100},"functions":{"total":1,"covered":1,"skipped":0,"pct":100},"statements":{"total":16,"covered":16,"skipped":0,"pct":100},"branches":{"total":6,"covered":5,"skipped":0,"pct":83.33}}
,"/home/restful-otaku/Dev/play/gov-dts-submission/frontend/src/components/help/HelpCenterModal.svelte": {"lines":{"total":178,"covered":154,"skipped":0,"pct":86.51},"functions":{"total":2,"covered":2,"skipped":0,"pct":100},"statements":{"total":178,"covered":154,"skipped":0,"pct":86.51},"branches":{"total":9,"covered":7,"skipped":0,"pct":77.77}}
,"/home/restful-otaku/Dev/play/gov-dts-submission/frontend/src/components/help/HelpMenuTriggerButton.svelte": {"lines":{"total":12,"covered":12,"skipped":0,"pct":100},"functions":{"total":1,"covered":1,"skipped":0,"pct":100},"statements":{"total":12,"covered":12,"skipped":0,"pct":100},"branches":{"total":5,"covered":5,"skipped":0,"pct":100}}
,"/home/restful-otaku/Dev/play/gov-dts-submission/frontend/src/components/layout/AppHeader.svelte": {"lines":{"total":14,"covered":14,"skipped":0,"pct":100},"functions":{"total":1,"covered":1,"skipped":0,"pct":100},"statements":{"total":14,"covered":14,"skipped":0,"pct":100},"branches":{"total":3,"covered":2,"skipped":0,"pct":66.66}}
,"/home/restful-otaku/Dev/play/gov-dts-submission/frontend/src/components/modals/CreateTaskModal.svelte": {"lines":{"total":55,"covered":55,"skipped":0,"pct":100},"functions":{"total":2,"covered":2,"skipped":0,"pct":100},"statements":{"total":55,"covered":55,"skipped":0,"pct":100},"branches":{"total":8,"covered":7,"skipped":0,"pct":87.5}}
,"/home/restful-otaku/Dev/play/gov-dts-submission/frontend/src/components/modals/DeleteTasksModal.svelte": {"lines":{"total":41,"covered":41,"skipped":0,"pct":100},"functions":{"total":3,"covered":3,"skipped":0,"pct":100},"statements":{"total":41,"covered":41,"skipped":0,"pct":100},"branches":{"total":24,"covered":23,"skipped":0,"pct":95.83}}
,"/home/restful-otaku/Dev/play/gov-dts-submission/frontend/src/components/modals/EditTaskModal.svelte": {"lines":{"total":41,"covered":41,"skipped":0,"pct":100},"functions":{"total":2,"covered":2,"skipped":0,"pct":100},"statements":{"total":41,"covered":41,"skipped":0,"pct":100},"branches":{"total":8,"covered":7,"skipped":0,"pct":87.5}}
,"/home/restful-otaku/Dev/play/gov-dts-submission/frontend/src/components/modals/ModalHeader.svelte": {"lines":{"total":10,"covered":10,"skipped":0,"pct":100},"functions":{"total":1,"covered":1,"skipped":0,"pct":100},"statements":{"total":10,"covered":10,"skipped":0,"pct":100},"branches":{"total":2,"covered":2,"skipped":0,"pct":100}}
,"/home/restful-otaku/Dev/play/gov-dts-submission/frontend/src/components/notifications/Toasts.svelte": {"lines":{"total":13,"covered":13,"skipped":0,"pct":100},"functions":{"total":1,"covered":1,"skipped":0,"pct":100},"statements":{"total":13,"covered":13,"skipped":0,"pct":100},"branches":{"total":6,"covered":5,"skipped":0,"pct":83.33}}
,"/home/restful-otaku/Dev/play/gov-dts-submission/frontend/src/components/onboarding/TourCoachLayer.svelte": {"lines":{"total":224,"covered":61,"skipped":0,"pct":27.23},"functions":{"total":1,"covered":0,"skipped":0,"pct":0},"statements":{"total":224,"covered":61,"skipped":0,"pct":27.23},"branches":{"total":0,"covered":0,"skipped":0,"pct":100}}
,"/home/restful-otaku/Dev/play/gov-dts-submission/frontend/src/components/tasks/FiltersPanel.svelte": {"lines":{"total":79,"covered":70,"skipped":0,"pct":88.6},"functions":{"total":5,"covered":3,"skipped":0,"pct":60},"statements":{"total":79,"covered":70,"skipped":0,"pct":88.6},"branches":{"total":10,"covered":10,"skipped":0,"pct":100}}
,"/home/restful-otaku/Dev/play/gov-dts-submission/frontend/src/components/tasks/ListPagination.svelte": {"lines":{"total":31,"covered":24,"skipped":0,"pct":77.41},"functions":{"total":2,"covered":1,"skipped":0,"pct":50},"statements":{"total":31,"covered":24,"skipped":0,"pct":77.41},"branches":{"total":8,"covered":2,"skipped":0,"pct":25}}
,"/home/restful-otaku/Dev/play/gov-dts-submission/frontend/src/components/tasks/SwipeableTaskMobile.svelte": {"lines":{"total":147,"covered":57,"skipped":0,"pct":38.77},"functions":{"total":8,"covered":2,"skipped":0,"pct":25},"statements":{"total":147,"covered":57,"skipped":0,"pct":38.77},"branches":{"total":8,"covered":4,"skipped":0,"pct":50}}
,"/home/restful-otaku/Dev/play/gov-dts-submission/frontend/src/components/tasks/TagChips.svelte": {"lines":{"total":16,"covered":16,"skipped":0,"pct":100},"functions":{"total":1,"covered":1,"skipped":0,"pct":100},"statements":{"total":16,"covered":16,"skipped":0,"pct":100},"branches":{"total":7,"covered":7,"skipped":0,"pct":100}}
,"/home/restful-otaku/Dev/play/gov-dts-submission/frontend/src/components/tasks/TaskCardActions.svelte": {"lines":{"total":23,"covered":23,"skipped":0,"pct":100},"functions":{"total":1,"covered":1,"skipped":0,"pct":100},"statements":{"total":23,"covered":23,"skipped":0,"pct":100},"branches":{"total":9,"covered":5,"skipped":0,"pct":55.55}}
,"/home/restful-otaku/Dev/play/gov-dts-submission/frontend/src/components/tasks/TaskCardReaderOverlay.svelte": {"lines":{"total":60,"covered":37,"skipped":0,"pct":61.66},"functions":{"total":1,"covered":0,"skipped":0,"pct":0},"statements":{"total":60,"covered":37,"skipped":0,"pct":61.66},"branches":{"total":0,"covered":0,"skipped":0,"pct":100}}
,"/home/restful-otaku/Dev/play/gov-dts-submission/frontend/src/components/tasks/TaskControlsBar.svelte": {"lines":{"total":76,"covered":76,"skipped":0,"pct":100},"functions":{"total":3,"covered":3,"skipped":0,"pct":100},"statements":{"total":76,"covered":76,"skipped":0,"pct":100},"branches":{"total":20,"covered":17,"skipped":0,"pct":85}}
,"/home/restful-otaku/Dev/play/gov-dts-submission/frontend/src/components/tasks/TaskDueMetricsStrip.svelte": {"lines":{"total":12,"covered":12,"skipped":0,"pct":100},"functions":{"total":1,"covered":1,"skipped":0,"pct":100},"statements":{"total":12,"covered":12,"skipped":0,"pct":100},"branches":{"total":1,"covered":1,"skipped":0,"pct":100}}
,"/home/restful-otaku/Dev/play/gov-dts-submission/frontend/src/components/tasks/TaskListRow.svelte": {"lines":{"total":40,"covered":40,"skipped":0,"pct":100},"functions":{"total":1,"covered":1,"skipped":0,"pct":100},"statements":{"total":40,"covered":40,"skipped":0,"pct":100},"branches":{"total":18,"covered":11,"skipped":0,"pct":61.11}}
,"/home/restful-otaku/Dev/play/gov-dts-submission/frontend/src/components/tasks/TaskMetaDl.svelte": {"lines":{"total":8,"covered":8,"skipped":0,"pct":100},"functions":{"total":1,"covered":1,"skipped":0,"pct":100},"statements":{"total":8,"covered":8,"skipped":0,"pct":100},"branches":{"total":3,"covered":3,"skipped":0,"pct":100}}
,"/home/restful-otaku/Dev/play/gov-dts-submission/frontend/src/components/tasks/TaskPriorityBadge.svelte": {"lines":{"total":6,"covered":6,"skipped":0,"pct":100},"functions":{"total":1,"covered":1,"skipped":0,"pct":100},"statements":{"total":6,"covered":6,"skipped":0,"pct":100},"branches":{"total":3,"covered":1,"skipped":0,"pct":33.33}}
,"/home/restful-otaku/Dev/play/gov-dts-submission/frontend/src/components/tasks/TaskSearchField.svelte": {"lines":{"total":26,"covered":26,"skipped":0,"pct":100},"functions":{"total":1,"covered":1,"skipped":0,"pct":100},"statements":{"total":26,"covered":26,"skipped":0,"pct":100},"branches":{"total":4,"covered":4,"skipped":0,"pct":100}}
,"/home/restful-otaku/Dev/play/gov-dts-submission/frontend/src/components/tasks/TaskStatusBadge.svelte": {"lines":{"total":6,"covered":6,"skipped":0,"pct":100},"functions":{"total":1,"covered":1,"skipped":0,"pct":100},"statements":{"total":6,"covered":6,"skipped":0,"pct":100},"branches":{"total":1,"covered":1,"skipped":0,"pct":100}}
,"/home/restful-otaku/Dev/play/gov-dts-submission/frontend/src/components/tasks/TasksCardsView.svelte": {"lines":{"total":76,"covered":73,"skipped":0,"pct":96.05},"functions":{"total":7,"covered":3,"skipped":0,"pct":42.85},"statements":{"total":76,"covered":73,"skipped":0,"pct":96.05},"branches":{"total":36,"covered":23,"skipped":0,"pct":63.88}}
,"/home/restful-otaku/Dev/play/gov-dts-submission/frontend/src/components/tasks/TasksKanbanView.svelte": {"lines":{"total":89,"covered":84,"skipped":0,"pct":94.38},"functions":{"total":4,"covered":3,"skipped":0,"pct":75},"statements":{"total":89,"covered":84,"skipped":0,"pct":94.38},"branches":{"total":43,"covered":30,"skipped":0,"pct":69.76}}
,"/home/restful-otaku/Dev/play/gov-dts-submission/frontend/src/components/tasks/TasksListView.svelte": {"lines":{"total":107,"covered":107,"skipped":0,"pct":100},"functions":{"total":1,"covered":1,"skipped":0,"pct":100},"statements":{"total":107,"covered":107,"skipped":0,"pct":100},"branches":{"total":25,"covered":17,"skipped":0,"pct":68}}
,"/home/restful-otaku/Dev/play/gov-dts-submission/frontend/src/components/tasks/ViewModeToggle.svelte": {"lines":{"total":14,"covered":14,"skipped":0,"pct":100},"functions":{"total":1,"covered":1,"skipped":0,"pct":100},"statements":{"total":14,"covered":14,"skipped":0,"pct":100},"branches":{"total":1,"covered":1,"skipped":0,"pct":100}}
,"/home/restful-otaku/Dev/play/gov-dts-submission/frontend/src/lib/api.ts": {"lines":{"total":90,"covered":78,"skipped":0,"pct":86.66},"functions":{"total":10,"covered":10,"skipped":0,"pct":100},"statements":{"total":90,"covered":78,"skipped":0,"pct":86.66},"branches":{"total":25,"covered":18,"skipped":0,"pct":72}}
,"/home/restful-otaku/Dev/play/gov-dts-submission/frontend/src/lib/mobile-sqlite.ts": {"lines":{"total":281,"covered":225,"skipped":0,"pct":80.07},"functions":{"total":19,"covered":17,"skipped":0,"pct":89.47},"statements":{"total":281,"covered":225,"skipped":0,"pct":80.07},"branches":{"total":61,"covered":41,"skipped":0,"pct":67.21}}
,"/home/restful-otaku/Dev/play/gov-dts-submission/frontend/src/lib/app/appVersion.ts": {"lines":{"total":2,"covered":2,"skipped":0,"pct":100},"functions":{"total":0,"covered":0,"skipped":0,"pct":100},"statements":{"total":2,"covered":2,"skipped":0,"pct":100},"branches":{"total":0,"covered":0,"skipped":0,"pct":100}}
,"/home/restful-otaku/Dev/play/gov-dts-submission/frontend/src/lib/app/constants.ts": {"lines":{"total":12,"covered":12,"skipped":0,"pct":100},"functions":{"total":0,"covered":0,"skipped":0,"pct":100},"statements":{"total":12,"covered":12,"skipped":0,"pct":100},"branches":{"total":0,"covered":0,"skipped":0,"pct":100}}
,"/home/restful-otaku/Dev/play/gov-dts-submission/frontend/src/lib/app/globalShortcuts.ts": {"lines":{"total":53,"covered":33,"skipped":0,"pct":62.26},"functions":{"total":1,"covered":1,"skipped":0,"pct":100},"statements":{"total":53,"covered":33,"skipped":0,"pct":62.26},"branches":{"total":29,"covered":19,"skipped":0,"pct":65.51}}
,"/home/restful-otaku/Dev/play/gov-dts-submission/frontend/src/lib/app/health.ts": {"lines":{"total":14,"covered":14,"skipped":0,"pct":100},"functions":{"total":1,"covered":1,"skipped":0,"pct":100},"statements":{"total":14,"covered":14,"skipped":0,"pct":100},"branches":{"total":10,"covered":10,"skipped":0,"pct":100}}
,"/home/restful-otaku/Dev/play/gov-dts-submission/frontend/src/lib/app/preferences.ts": {"lines":{"total":221,"covered":201,"skipped":0,"pct":90.95},"functions":{"total":12,"covered":10,"skipped":0,"pct":83.33},"statements":{"total":221,"covered":201,"skipped":0,"pct":90.95},"branches":{"total":70,"covered":55,"skipped":0,"pct":78.57}}
,"/home/restful-otaku/Dev/play/gov-dts-submission/frontend/src/lib/app/toasts.ts": {"lines":{"total":5,"covered":5,"skipped":0,"pct":100},"functions":{"total":1,"covered":1,"skipped":0,"pct":100},"statements":{"total":5,"covered":5,"skipped":0,"pct":100},"branches":{"total":6,"covered":6,"skipped":0,"pct":100}}
,"/home/restful-otaku/Dev/play/gov-dts-submission/frontend/src/lib/app/types.ts": {"lines":{"total":0,"covered":0,"skipped":0,"pct":100},"functions":{"total":1,"covered":1,"skipped":0,"pct":100},"statements":{"total":0,"covered":0,"skipped":0,"pct":100},"branches":{"total":1,"covered":1,"skipped":0,"pct":100}}
,"/home/restful-otaku/Dev/play/gov-dts-submission/frontend/src/lib/app/onboarding/definitions.ts": {"lines":{"total":233,"covered":224,"skipped":0,"pct":96.13},"functions":{"total":2,"covered":2,"skipped":0,"pct":100},"statements":{"total":233,"covered":224,"skipped":0,"pct":96.13},"branches":{"total":22,"covered":14,"skipped":0,"pct":63.63}}
,"/home/restful-otaku/Dev/play/gov-dts-submission/frontend/src/lib/app/onboarding/storage.ts": {"lines":{"total":65,"covered":43,"skipped":0,"pct":66.15},"functions":{"total":7,"covered":5,"skipped":0,"pct":71.42},"statements":{"total":65,"covered":43,"skipped":0,"pct":66.15},"branches":{"total":12,"covered":9,"skipped":0,"pct":75}}
,"/home/restful-otaku/Dev/play/gov-dts-submission/frontend/src/lib/app/onboarding/types.ts": {"lines":{"total":0,"covered":0,"skipped":0,"pct":100},"functions":{"total":1,"covered":1,"skipped":0,"pct":100},"statements":{"total":0,"covered":0,"skipped":0,"pct":100},"branches":{"total":1,"covered":1,"skipped":0,"pct":100}}
,"/home/restful-otaku/Dev/play/gov-dts-submission/frontend/src/lib/app/task-app/bootstrapState.ts": {"lines":{"total":53,"covered":53,"skipped":0,"pct":100},"functions":{"total":2,"covered":2,"skipped":0,"pct":100},"statements":{"total":53,"covered":53,"skipped":0,"pct":100},"branches":{"total":21,"covered":21,"skipped":0,"pct":100}}
,"/home/restful-otaku/Dev/play/gov-dts-submission/frontend/src/lib/app/task-app/bulkDelete.ts": {"lines":{"total":24,"covered":24,"skipped":0,"pct":100},"functions":{"total":2,"covered":2,"skipped":0,"pct":100},"statements":{"total":24,"covered":24,"skipped":0,"pct":100},"branches":{"total":7,"covered":6,"skipped":0,"pct":85.71}}
,"/home/restful-otaku/Dev/play/gov-dts-submission/frontend/src/lib/app/task-app/controller.svelte.ts": {"lines":{"total":807,"covered":494,"skipped":0,"pct":61.21},"functions":{"total":68,"covered":26,"skipped":0,"pct":38.23},"statements":{"total":807,"covered":494,"skipped":0,"pct":61.21},"branches":{"total":119,"covered":71,"skipped":0,"pct":59.66}}
,"/home/restful-otaku/Dev/play/gov-dts-submission/frontend/src/lib/app/task-app/onboardingRules.ts": {"lines":{"total":69,"covered":69,"skipped":0,"pct":100},"functions":{"total":8,"covered":8,"skipped":0,"pct":100},"statements":{"total":69,"covered":69,"skipped":0,"pct":100},"branches":{"total":29,"covered":29,"skipped":0,"pct":100}}
,"/home/restful-otaku/Dev/play/gov-dts-submission/frontend/src/lib/app/task-app/stickyChrome.ts": {"lines":{"total":15,"covered":15,"skipped":0,"pct":100},"functions":{"total":1,"covered":1,"skipped":0,"pct":100},"statements":{"total":15,"covered":15,"skipped":0,"pct":100},"branches":{"total":9,"covered":9,"skipped":0,"pct":100}}
,"/home/restful-otaku/Dev/play/gov-dts-submission/frontend/src/lib/app/task-app/tourAutoAdvance.ts": {"lines":{"total":28,"covered":28,"skipped":0,"pct":100},"functions":{"total":2,"covered":2,"skipped":0,"pct":100},"statements":{"total":28,"covered":28,"skipped":0,"pct":100},"branches":{"total":12,"covered":9,"skipped":0,"pct":75}}
,"/home/restful-otaku/Dev/play/gov-dts-submission/frontend/src/lib/app/task-app/tourStepHelpers.ts": {"lines":{"total":16,"covered":16,"skipped":0,"pct":100},"functions":{"total":3,"covered":3,"skipped":0,"pct":100},"statements":{"total":16,"covered":16,"skipped":0,"pct":100},"branches":{"total":8,"covered":8,"skipped":0,"pct":100}}
,"/home/restful-otaku/Dev/play/gov-dts-submission/frontend/src/lib/dom/safeAreaInsets.ts": {"lines":{"total":46,"covered":2,"skipped":0,"pct":4.34},"functions":{"total":2,"covered":0,"skipped":0,"pct":0},"statements":{"total":46,"covered":2,"skipped":0,"pct":4.34},"branches":{"total":0,"covered":0,"skipped":0,"pct":100}}
,"/home/restful-otaku/Dev/play/gov-dts-submission/frontend/src/lib/dom/setIndeterminate.ts": {"lines":{"total":8,"covered":1,"skipped":0,"pct":12.5},"functions":{"total":1,"covered":0,"skipped":0,"pct":0},"statements":{"total":8,"covered":1,"skipped":0,"pct":12.5},"branches":{"total":0,"covered":0,"skipped":0,"pct":100}}
,"/home/restful-otaku/Dev/play/gov-dts-submission/frontend/src/lib/tasks/date.ts": {"lines":{"total":93,"covered":93,"skipped":0,"pct":100},"functions":{"total":8,"covered":8,"skipped":0,"pct":100},"statements":{"total":93,"covered":93,"skipped":0,"pct":100},"branches":{"total":57,"covered":49,"skipped":0,"pct":85.96}}
,"/home/restful-otaku/Dev/play/gov-dts-submission/frontend/src/lib/tasks/dueState.ts": {"lines":{"total":14,"covered":14,"skipped":0,"pct":100},"functions":{"total":1,"covered":1,"skipped":0,"pct":100},"statements":{"total":14,"covered":14,"skipped":0,"pct":100},"branches":{"total":10,"covered":10,"skipped":0,"pct":100}}
,"/home/restful-otaku/Dev/play/gov-dts-submission/frontend/src/lib/tasks/filter.ts": {"lines":{"total":76,"covered":74,"skipped":0,"pct":97.36},"functions":{"total":2,"covered":2,"skipped":0,"pct":100},"statements":{"total":76,"covered":74,"skipped":0,"pct":97.36},"branches":{"total":44,"covered":30,"skipped":0,"pct":68.18}}
,"/home/restful-otaku/Dev/play/gov-dts-submission/frontend/src/lib/tasks/kanban.ts": {"lines":{"total":8,"covered":8,"skipped":0,"pct":100},"functions":{"total":2,"covered":2,"skipped":0,"pct":100},"statements":{"total":8,"covered":8,"skipped":0,"pct":100},"branches":{"total":7,"covered":7,"skipped":0,"pct":100}}
,"/home/restful-otaku/Dev/play/gov-dts-submission/frontend/src/lib/tasks/kanbanFinalize.ts": {"lines":{"total":22,"covered":20,"skipped":0,"pct":90.9},"functions":{"total":1,"covered":1,"skipped":0,"pct":100},"statements":{"total":22,"covered":20,"skipped":0,"pct":90.9},"branches":{"total":5,"covered":3,"skipped":0,"pct":60}}
,"/home/restful-otaku/Dev/play/gov-dts-submission/frontend/src/lib/tasks/metrics.ts": {"lines":{"total":25,"covered":25,"skipped":0,"pct":100},"functions":{"total":3,"covered":3,"skipped":0,"pct":100},"statements":{"total":25,"covered":25,"skipped":0,"pct":100},"branches":{"total":15,"covered":13,"skipped":0,"pct":86.66}}
,"/home/restful-otaku/Dev/play/gov-dts-submission/frontend/src/lib/tasks/sort.ts": {"lines":{"total":26,"covered":23,"skipped":0,"pct":88.46},"functions":{"total":1,"covered":1,"skipped":0,"pct":100},"statements":{"total":26,"covered":23,"skipped":0,"pct":88.46},"branches":{"total":29,"covered":23,"skipped":0,"pct":79.31}}
,"/home/restful-otaku/Dev/play/gov-dts-submission/frontend/src/lib/tasks/taskForm.ts": {"lines":{"total":25,"covered":25,"skipped":0,"pct":100},"functions":{"total":3,"covered":3,"skipped":0,"pct":100},"statements":{"total":25,"covered":25,"skipped":0,"pct":100},"branches":{"total":13,"covered":12,"skipped":0,"pct":92.3}}
,"/home/restful-otaku/Dev/play/gov-dts-submission/frontend/src/lib/tasks/taskMeta.ts": {"lines":{"total":23,"covered":23,"skipped":0,"pct":100},"functions":{"total":2,"covered":2,"skipped":0,"pct":100},"statements":{"total":23,"covered":23,"skipped":0,"pct":100},"branches":{"total":7,"covered":4,"skipped":0,"pct":57.14}}
,"/home/restful-otaku/Dev/play/gov-dts-submission/frontend/src/lib/tasks/visibleList.ts": {"lines":{"total":69,"covered":69,"skipped":0,"pct":100},"functions":{"total":4,"covered":4,"skipped":0,"pct":100},"statements":{"total":69,"covered":69,"skipped":0,"pct":100},"branches":{"total":15,"covered":15,"skipped":0,"pct":100}}
,"/home/restful-otaku/Dev/play/gov-dts-submission/frontend/src/lib/ui/modalContentTransition.ts": {"lines":{"total":21,"covered":21,"skipped":0,"pct":100},"functions":{"total":2,"covered":2,"skipped":0,"pct":100},"statements":{"total":21,"covered":21,"skipped":0,"pct":100},"branches":{"total":6,"covered":2,"skipped":0,"pct":33.33}}
,"/home/restful-otaku/Dev/play/gov-dts-submission/frontend/src/stories/AppHeader.stories.ts": {"lines":{"total":36,"covered":0,"skipped":0,"pct":0},"functions":{"total":1,"covered":1,"skipped":0,"pct":100},"statements":{"total":36,"covered":0,"skipped":0,"pct":0},"branches":{"total":1,"covered":1,"skipped":0,"pct":100}}
,"/home/restful-otaku/Dev/play/gov-dts-submission/frontend/src/stories/Button.stories.ts": {"lines":{"total":22,"covered":0,"skipped":0,"pct":0},"functions":{"total":1,"covered":1,"skipped":0,"pct":100},"statements":{"total":22,"covered":0,"skipped":0,"pct":0},"branches":{"total":1,"covered":1,"skipped":0,"pct":100}}
,"/home/restful-otaku/Dev/play/gov-dts-submission/frontend/src/stories/Button.svelte": {"lines":{"total":9,"covered":0,"skipped":0,"pct":0},"functions":{"total":1,"covered":0,"skipped":0,"pct":0},"statements":{"total":9,"covered":0,"skipped":0,"pct":0},"branches":{"total":1,"covered":0,"skipped":0,"pct":0}}
,"/home/restful-otaku/Dev/play/gov-dts-submission/frontend/src/stories/ClearFiltersButton.stories.ts": {"lines":{"total":13,"covered":0,"skipped":0,"pct":0},"functions":{"total":1,"covered":1,"skipped":0,"pct":100},"statements":{"total":13,"covered":0,"skipped":0,"pct":0},"branches":{"total":1,"covered":1,"skipped":0,"pct":100}}
,"/home/restful-otaku/Dev/play/gov-dts-submission/frontend/src/stories/FilterDueDateRange.stories.ts": {"lines":{"total":14,"covered":0,"skipped":0,"pct":0},"functions":{"total":1,"covered":1,"skipped":0,"pct":100},"statements":{"total":14,"covered":0,"skipped":0,"pct":0},"branches":{"total":1,"covered":1,"skipped":0,"pct":100}}
,"/home/restful-otaku/Dev/play/gov-dts-submission/frontend/src/stories/FilterLabeledSelect.stories.ts": {"lines":{"total":16,"covered":0,"skipped":0,"pct":0},"functions":{"total":1,"covered":1,"skipped":0,"pct":100},"statements":{"total":16,"covered":0,"skipped":0,"pct":0},"branches":{"total":1,"covered":1,"skipped":0,"pct":100}}
,"/home/restful-otaku/Dev/play/gov-dts-submission/frontend/src/stories/FilterSortRow.stories.ts": {"lines":{"total":11,"covered":0,"skipped":0,"pct":0},"functions":{"total":1,"covered":1,"skipped":0,"pct":100},"statements":{"total":11,"covered":0,"skipped":0,"pct":0},"branches":{"total":1,"covered":1,"skipped":0,"pct":100}}
,"/home/restful-otaku/Dev/play/gov-dts-submission/frontend/src/stories/FiltersPanel.stories.ts": {"lines":{"total":29,"covered":0,"skipped":0,"pct":0},"functions":{"total":1,"covered":1,"skipped":0,"pct":100},"statements":{"total":29,"covered":0,"skipped":0,"pct":0},"branches":{"total":1,"covered":1,"skipped":0,"pct":100}}
,"/home/restful-otaku/Dev/play/gov-dts-submission/frontend/src/stories/Header.stories.ts": {"lines":{"total":16,"covered":0,"skipped":0,"pct":0},"functions":{"total":1,"covered":1,"skipped":0,"pct":100},"statements":{"total":16,"covered":0,"skipped":0,"pct":0},"branches":{"total":1,"covered":1,"skipped":0,"pct":100}}
,"/home/restful-otaku/Dev/play/gov-dts-submission/frontend/src/stories/Header.svelte": {"lines":{"total":10,"covered":0,"skipped":0,"pct":0},"functions":{"total":1,"covered":0,"skipped":0,"pct":0},"statements":{"total":10,"covered":0,"skipped":0,"pct":0},"branches":{"total":1,"covered":0,"skipped":0,"pct":0}}
,"/home/restful-otaku/Dev/play/gov-dts-submission/frontend/src/stories/HealthBanner.stories.ts": {"lines":{"total":18,"covered":0,"skipped":0,"pct":0},"functions":{"total":1,"covered":1,"skipped":0,"pct":100},"statements":{"total":18,"covered":0,"skipped":0,"pct":0},"branches":{"total":1,"covered":1,"skipped":0,"pct":100}}
,"/home/restful-otaku/Dev/play/gov-dts-submission/frontend/src/stories/ListPagination.stories.ts": {"lines":{"total":14,"covered":0,"skipped":0,"pct":0},"functions":{"total":1,"covered":1,"skipped":0,"pct":100},"statements":{"total":14,"covered":0,"skipped":0,"pct":0},"branches":{"total":1,"covered":1,"skipped":0,"pct":100}}
,"/home/restful-otaku/Dev/play/gov-dts-submission/frontend/src/stories/ModalHeader.stories.ts": {"lines":{"total":13,"covered":0,"skipped":0,"pct":0},"functions":{"total":1,"covered":1,"skipped":0,"pct":100},"statements":{"total":13,"covered":0,"skipped":0,"pct":0},"branches":{"total":1,"covered":1,"skipped":0,"pct":100}}
,"/home/restful-otaku/Dev/play/gov-dts-submission/frontend/src/stories/Modals.stories.ts": {"lines":{"total":71,"covered":0,"skipped":0,"pct":0},"functions":{"total":1,"covered":1,"skipped":0,"pct":100},"statements":{"total":71,"covered":0,"skipped":0,"pct":0},"branches":{"total":1,"covered":1,"skipped":0,"pct":100}}
,"/home/restful-otaku/Dev/play/gov-dts-submission/frontend/src/stories/Page.stories.ts": {"lines":{"total":20,"covered":0,"skipped":0,"pct":0},"functions":{"total":1,"covered":1,"skipped":0,"pct":100},"statements":{"total":20,"covered":0,"skipped":0,"pct":0},"branches":{"total":1,"covered":1,"skipped":0,"pct":100}}
,"/home/restful-otaku/Dev/play/gov-dts-submission/frontend/src/stories/Page.svelte": {"lines":{"total":9,"covered":0,"skipped":0,"pct":0},"functions":{"total":1,"covered":0,"skipped":0,"pct":0},"statements":{"total":9,"covered":0,"skipped":0,"pct":0},"branches":{"total":1,"covered":0,"skipped":0,"pct":0}}
,"/home/restful-otaku/Dev/play/gov-dts-submission/frontend/src/stories/TagChips.stories.ts": {"lines":{"total":15,"covered":0,"skipped":0,"pct":0},"functions":{"total":1,"covered":1,"skipped":0,"pct":100},"statements":{"total":15,"covered":0,"skipped":0,"pct":0},"branches":{"total":1,"covered":1,"skipped":0,"pct":100}}
,"/home/restful-otaku/Dev/play/gov-dts-submission/frontend/src/stories/TaskBadges.stories.ts": {"lines":{"total":19,"covered":0,"skipped":0,"pct":0},"functions":{"total":1,"covered":1,"skipped":0,"pct":100},"statements":{"total":19,"covered":0,"skipped":0,"pct":0},"branches":{"total":1,"covered":1,"skipped":0,"pct":100}}
,"/home/restful-otaku/Dev/play/gov-dts-submission/frontend/src/stories/TaskCardActions.stories.ts": {"lines":{"total":15,"covered":0,"skipped":0,"pct":0},"functions":{"total":1,"covered":1,"skipped":0,"pct":100},"statements":{"total":15,"covered":0,"skipped":0,"pct":0},"branches":{"total":1,"covered":1,"skipped":0,"pct":100}}
,"/home/restful-otaku/Dev/play/gov-dts-submission/frontend/src/stories/TaskControlsBar.stories.ts": {"lines":{"total":38,"covered":0,"skipped":0,"pct":0},"functions":{"total":1,"covered":1,"skipped":0,"pct":100},"statements":{"total":38,"covered":0,"skipped":0,"pct":0},"branches":{"total":1,"covered":1,"skipped":0,"pct":100}}
,"/home/restful-otaku/Dev/play/gov-dts-submission/frontend/src/stories/TaskDueMetricsStrip.stories.ts": {"lines":{"total":12,"covered":0,"skipped":0,"pct":0},"functions":{"total":1,"covered":1,"skipped":0,"pct":100},"statements":{"total":12,"covered":0,"skipped":0,"pct":0},"branches":{"total":1,"covered":1,"skipped":0,"pct":100}}
,"/home/restful-otaku/Dev/play/gov-dts-submission/frontend/src/stories/TaskListRow.stories.ts": {"lines":{"total":30,"covered":0,"skipped":0,"pct":0},"functions":{"total":1,"covered":1,"skipped":0,"pct":100},"statements":{"total":30,"covered":0,"skipped":0,"pct":0},"branches":{"total":1,"covered":1,"skipped":0,"pct":100}}
,"/home/restful-otaku/Dev/play/gov-dts-submission/frontend/src/stories/TaskMetaDl.stories.ts": {"lines":{"total":13,"covered":0,"skipped":0,"pct":0},"functions":{"total":1,"covered":1,"skipped":0,"pct":100},"statements":{"total":13,"covered":0,"skipped":0,"pct":0},"branches":{"total":1,"covered":1,"skipped":0,"pct":100}}
,"/home/restful-otaku/Dev/play/gov-dts-submission/frontend/src/stories/TaskPrioritySelect.stories.ts": {"lines":{"total":11,"covered":0,"skipped":0,"pct":0},"functions":{"total":1,"covered":1,"skipped":0,"pct":100},"statements":{"total":11,"covered":0,"skipped":0,"pct":0},"branches":{"total":1,"covered":1,"skipped":0,"pct":100}}
,"/home/restful-otaku/Dev/play/gov-dts-submission/frontend/src/stories/TaskSearchField.stories.ts": {"lines":{"total":21,"covered":0,"skipped":0,"pct":0},"functions":{"total":1,"covered":1,"skipped":0,"pct":100},"statements":{"total":21,"covered":0,"skipped":0,"pct":0},"branches":{"total":1,"covered":1,"skipped":0,"pct":100}}
,"/home/restful-otaku/Dev/play/gov-dts-submission/frontend/src/stories/TaskStatusSelect.stories.ts": {"lines":{"total":11,"covered":0,"skipped":0,"pct":0},"functions":{"total":1,"covered":1,"skipped":0,"pct":100},"statements":{"total":11,"covered":0,"skipped":0,"pct":0},"branches":{"total":1,"covered":1,"skipped":0,"pct":100}}
,"/home/restful-otaku/Dev/play/gov-dts-submission/frontend/src/stories/TasksCardsView.stories.ts": {"lines":{"total":45,"covered":0,"skipped":0,"pct":0},"functions":{"total":1,"covered":1,"skipped":0,"pct":100},"statements":{"total":45,"covered":0,"skipped":0,"pct":0},"branches":{"total":1,"covered":1,"skipped":0,"pct":100}}
,"/home/restful-otaku/Dev/play/gov-dts-submission/frontend/src/stories/TasksKanbanView.stories.ts": {"lines":{"total":62,"covered":0,"skipped":0,"pct":0},"functions":{"total":1,"covered":1,"skipped":0,"pct":100},"statements":{"total":62,"covered":0,"skipped":0,"pct":0},"branches":{"total":1,"covered":1,"skipped":0,"pct":100}}
,"/home/restful-otaku/Dev/play/gov-dts-submission/frontend/src/stories/TasksListView.stories.ts": {"lines":{"total":71,"covered":0,"skipped":0,"pct":0},"functions":{"total":1,"covered":1,"skipped":0,"pct":100},"statements":{"total":71,"covered":0,"skipped":0,"pct":0},"branches":{"total":1,"covered":1,"skipped":0,"pct":100}}
,"/home/restful-otaku/Dev/play/gov-dts-submission/frontend/src/stories/Toasts.stories.ts": {"lines":{"total":15,"covered":0,"skipped":0,"pct":0},"functions":{"total":1,"covered":1,"skipped":0,"pct":100},"statements":{"total":15,"covered":0,"skipped":0,"pct":0},"branches":{"total":1,"covered":1,"skipped":0,"pct":100}}
,"/home/restful-otaku/Dev/play/gov-dts-submission/frontend/src/stories/ViewModeToggle.stories.ts": {"lines":{"total":13,"covered":0,"skipped":0,"pct":0},"functions":{"total":1,"covered":1,"skipped":0,"pct":100},"statements":{"total":13,"covered":0,"skipped":0,"pct":0},"branches":{"total":1,"covered":1,"skipped":0,"pct":100}}
}
